<?xml version="1.0" encoding="UTF-8"?>
<testsuite xmlns:xsi="http://www.w3.org/2001/XMLSchema-instance" xsi:noNamespaceSchemaLocation="https://maven.apache.org/surefire/maven-surefire-plugin/xsd/surefire-test-report.xsd" name="OrderFileJsonParamTest" time="6.866" tests="8" errors="0" skipped="0" failures="0">
  <properties>
[...]
</properties>
  <testcase name="checkOrderCreationAnyColours[0]" classname="OrderFileJsonParamTest" time="1.82"/>
  <testcase name="checkOrderTrackNotNull[0]" classname="OrderFileJsonParamTest" time="1.792"/>
  <testcase name="checkOrderCreationAnyColours[1]" classname="OrderFileJsonParamTest" time="0.753"/>
  <testcase name="checkOrderTrackNotNull[1]" classname="OrderFileJsonParamTest" time="0.476"/>
  <testcase name="checkOrderCreationAnyColours[2]" classname="OrderFileJsonParamTest" time="0.701"/>
  <testcase name="checkOrderTrackNotNull[2]" classname="OrderFileJsonParamTest" time="0.369"/>
  <testcase name="checkOrderCreationAnyColours[3]" classname="OrderFileJsonParamTest" time="0.59"/>
  <testcase name="checkOrderTrackNotNull[3]" classname="OrderFileJsonParamTest" time="0.353"/>
</testsuite>